# JRE version: Java(TM) SE Runtime Environment (17.0.7+8) (build 17.0.7+8-LTS-224)
# Java VM: Java HotSpot(TM) 64-Bit Server VM (17.0.7+8-LTS-224, mixed mode, sharing, tiered, compressed oops, compressed class ptrs, g1 gc, windows-amd64)
GC Precious Log:
 CPUs: 8 total, 8 available
 Memory: 12121M
 Large Page Support: Disabled
 NUMA Support: Disabled
 Compressed Oops: Enabled (Zero based)
 Heap Region Size: 2M
 Heap Min Capacity: 8M
 Heap Initial Capacity: 190M
 Heap Max Capacity: 3032M
 Pre-touch: Disabled
 Parallel Workers: 8
 Concurrent Workers: 2
 Concurrent Refinement Workers: 8
 Periodic GC: Disabled
Heap:
 garbage-first heap   total 194560K, used 26254K [0x0000000742800000, 0x0000000800000000)
  region size 2048K, 9 young (18432K), 2 survivors (4096K)
 Metaspace       used 13672K, committed 14080K, reserved 1064960K
  class space    used 1596K, committed 1792K, reserved 1048576K
GC Heap History (6 events):
Event: 3.834 GC heap before
{Heap before GC invocations=0 (full 0):
 garbage-first heap   total 194560K, used 22528K [0x0000000742800000, 0x0000000800000000)
  region size 2048K, 11 young (22528K), 0 survivors (0K)
 Metaspace       used 6595K, committed 6784K, reserved 1056768K
  class space    used 736K, committed 832K, reserved 1048576K
}
Event: 3.922 GC heap after
{Heap after GC invocations=1 (full 0):
 garbage-first heap   total 194560K, used 8027K [0x0000000742800000, 0x0000000800000000)
  region size 2048K, 2 young (4096K), 2 survivors (4096K)
 Metaspace       used 6595K, committed 6784K, reserved 1056768K
  class space    used 736K, committed 832K, reserved 1048576K
}
Event: 5.202 GC heap before
{Heap before GC invocations=1 (full 0):
 garbage-first heap   total 194560K, used 22363K [0x0000000742800000, 0x0000000800000000)
  region size 2048K, 10 young (20480K), 2 survivors (4096K)
 Metaspace       used 8090K, committed 8320K, reserved 1056768K
  class space    used 879K, committed 960K, reserved 1048576K
}
Event: 5.214 GC heap after
{Heap after GC invocations=2 (full 0):
 garbage-first heap   total 194560K, used 11841K [0x0000000742800000, 0x0000000800000000)
  region size 2048K, 2 young (4096K), 2 survivors (4096K)
 Metaspace       used 8090K, committed 8320K, reserved 1056768K
  class space    used 879K, committed 960K, reserved 1048576K
}
Event: 35.112 GC heap before
{Heap before GC invocations=2 (full 0):
 garbage-first heap   total 194560K, used 56897K [0x0000000742800000, 0x0000000800000000)
  region size 2048K, 24 young (49152K), 2 survivors (4096K)
 Metaspace       used 13358K, committed 13760K, reserved 1064960K
  class space    used 1567K, committed 1792K, reserved 1048576K
}
Event: 35.154 GC heap after
{Heap after GC invocations=3 (full 0):
 garbage-first heap   total 194560K, used 13966K [0x0000000742800000, 0x0000000800000000)
  region size 2048K, 2 young (4096K), 2 survivors (4096K)
 Metaspace       used 13358K, committed 13760K, reserved 1064960K
  class space    used 1567K, committed 1792K, reserved 1048576K
}

